<?xml version="1.0" encoding="UTF-8"?>
<testsuite xmlns:xsi="http://www.w3.org/2001/XMLSchema-instance" xsi:noNamespaceSchemaLocation="https://maven.apache.org/surefire/maven-surefire-plugin/xsd/surefire-test-report-3.0.xsd" version="3.0" name="br.unioeste.Teste" time="0.01" tests="0" errors="0" skipped="0" failures="0">
  <properties>
    <property name="sun.desktop" value="gnome"/>
    <property name="awt.toolkit" value="sun.awt.X11.XToolkit"/>
    <property name="java.specification.version" value="11"/>
    <property name="sun.cpu.isalist" value=""/>
    <property name="sun.jnu.encoding" value="UTF-8"/>
    <property name="java.class.path" value="/home/eduardo/Área de Trabalho/JGOOSE/e4j/target/test-classes:/home/eduardo/Área de Trabalho/JGOOSE/e4j/target/classes:/home/eduardo/.m2/repository/junit/junit/3.8.1/junit-3.8.1.jar:/home/eduardo/.m2/repository/br/unioeste/jgoose/Log/0.0.1/Log-0.0.1.jar:/home/eduardo/.m2/repository/log4j/log4j/1.2.16/log4j-1.2.16.jar:/home/eduardo/.m2/repository/org/tinyjee/jgraphx/jgraphx/2.3.0.5/jgraphx-2.3.0.5.jar:/home/eduardo/.m2/repository/com/db4o/db4o-core-java5/8.0.184.15484/db4o-core-java5-8.0.184.15484.jar:/home/eduardo/.m2/repository/org/jvnet/jaxb2/maven2/maven-jaxb2-plugin/0.8.3/maven-jaxb2-plugin-0.8.3.jar:/home/eduardo/.m2/repository/org/jvnet/jaxb2/maven2/maven-jaxb2-plugin-core/0.8.3/maven-jaxb2-plugin-core-0.8.3.jar:/home/eduardo/.m2/repository/com/sun/org/apache/xml/internal/resolver/20050927/resolver-20050927.jar:/home/eduardo/.m2/repository/org/apache/maven/maven-plugin-api/2.0.6/maven-plugin-api-2.0.6.jar:/home/eduardo/.m2/repository/org/sonatype/plexus/plexus-build-api/0.0.7/plexus-build-api-0.0.7.jar:/home/eduardo/.m2/repository/org/apache/maven/maven-project/2.0.6/maven-project-2.0.6.jar:/home/eduardo/.m2/repository/org/apache/maven/maven-settings/2.0.6/maven-settings-2.0.6.jar:/home/eduardo/.m2/repository/org/apache/maven/maven-profile/2.0.6/maven-profile-2.0.6.jar:/home/eduardo/.m2/repository/org/apache/maven/maven-model/2.0.6/maven-model-2.0.6.jar:/home/eduardo/.m2/repository/org/apache/maven/maven-artifact-manager/2.0.6/maven-artifact-manager-2.0.6.jar:/home/eduardo/.m2/repository/org/apache/maven/maven-repository-metadata/2.0.6/maven-repository-metadata-2.0.6.jar:/home/eduardo/.m2/repository/org/apache/maven/wagon/wagon-provider-api/1.0-beta-2/wagon-provider-api-1.0-beta-2.jar:/home/eduardo/.m2/repository/org/apache/maven/maven-plugin-registry/2.0.6/maven-plugin-registry-2.0.6.jar:/home/eduardo/.m2/repository/org/apache/maven/maven-artifact/2.0.6/maven-artifact-2.0.6.jar:/home/eduardo/.m2/repository/org/codehaus/plexus/plexus-container-default/1.0-alpha-9-stable-1/plexus-container-default-1.0-alpha-9-stable-1.jar:/home/eduardo/.m2/repository/classworlds/classworlds/1.1-alpha-2/classworlds-1.1-alpha-2.jar:/home/eduardo/.m2/repository/br/com/ingenieux/maven/annomojo/org.jfrog.maven.maven-plugin-anno/1.4.1/org.jfrog.maven.maven-plugin-anno-1.4.1.jar:/home/eduardo/.m2/repository/org/codehaus/plexus/plexus-utils/1.5.15/plexus-utils-1.5.15.jar:/home/eduardo/.m2/repository/org/jvnet/jaxb2/maven2/maven-jaxb22-plugin/0.8.3/maven-jaxb22-plugin-0.8.3.jar:/home/eduardo/.m2/repository/javax/xml/bind/jaxb-api/2.2.6/jaxb-api-2.2.6.jar:/home/eduardo/.m2/repository/com/sun/xml/bind/jaxb-impl/2.2.6/jaxb-impl-2.2.6.jar:/home/eduardo/.m2/repository/com/sun/xml/bind/jaxb-xjc/2.2.6/jaxb-xjc-2.2.6.jar:/home/eduardo/.m2/repository/org/apache/commons/commons-lang3/3.1/commons-lang3-3.1.jar:/home/eduardo/.m2/repository/br/unioeste/jgoose/istarml-api/0.0.1/istarml-api-0.0.1.jar:"/>
    <property name="java.vm.vendor" value="Ubuntu"/>
    <property name="sun.arch.data.model" value="64"/>
    <property name="java.vendor.url" value="https://ubuntu.com/"/>
    <property name="user.timezone" value=""/>
    <property name="java.vm.specification.version" value="11"/>
    <property name="os.name" value="Linux"/>
    <property name="user.country" value="BR"/>
    <property name="sun.java.launcher" value="SUN_STANDARD"/>
    <property name="sun.boot.library.path" value="/usr/lib/jvm/java-11-openjdk-amd64/lib"/>
    <property name="sun.java.command" value="/home/eduardo/Área de Trabalho/JGOOSE/e4j/target/surefire/surefirebooter-20240401144717395_3.jar /home/eduardo/Área de Trabalho/JGOOSE/e4j/target/surefire 2024-04-01T14-47-17_327-jvmRun1 surefire-20240401144717395_1tmp surefire_0-20240401144717395_2tmp"/>
    <property name="jdk.debug" value="release"/>
    <property name="surefire.test.class.path" value="/home/eduardo/Área de Trabalho/JGOOSE/e4j/target/test-classes:/home/eduardo/Área de Trabalho/JGOOSE/e4j/target/classes:/home/eduardo/.m2/repository/junit/junit/3.8.1/junit-3.8.1.jar:/home/eduardo/.m2/repository/br/unioeste/jgoose/Log/0.0.1/Log-0.0.1.jar:/home/eduardo/.m2/repository/log4j/log4j/1.2.16/log4j-1.2.16.jar:/home/eduardo/.m2/repository/org/tinyjee/jgraphx/jgraphx/2.3.0.5/jgraphx-2.3.0.5.jar:/home/eduardo/.m2/repository/com/db4o/db4o-core-java5/8.0.184.15484/db4o-core-java5-8.0.184.15484.jar:/home/eduardo/.m2/repository/org/jvnet/jaxb2/maven2/maven-jaxb2-plugin/0.8.3/maven-jaxb2-plugin-0.8.3.jar:/home/eduardo/.m2/repository/org/jvnet/jaxb2/maven2/maven-jaxb2-plugin-core/0.8.3/maven-jaxb2-plugin-core-0.8.3.jar:/home/eduardo/.m2/repository/com/sun/org/apache/xml/internal/resolver/20050927/resolver-20050927.jar:/home/eduardo/.m2/repository/org/apache/maven/maven-plugin-api/2.0.6/maven-plugin-api-2.0.6.jar:/home/eduardo/.m2/repository/org/sonatype/plexus/plexus-build-api/0.0.7/plexus-build-api-0.0.7.jar:/home/eduardo/.m2/repository/org/apache/maven/maven-project/2.0.6/maven-project-2.0.6.jar:/home/eduardo/.m2/repository/org/apache/maven/maven-settings/2.0.6/maven-settings-2.0.6.jar:/home/eduardo/.m2/repository/org/apache/maven/maven-profile/2.0.6/maven-profile-2.0.6.jar:/home/eduardo/.m2/repository/org/apache/maven/maven-model/2.0.6/maven-model-2.0.6.jar:/home/eduardo/.m2/repository/org/apache/maven/maven-artifact-manager/2.0.6/maven-artifact-manager-2.0.6.jar:/home/eduardo/.m2/repository/org/apache/maven/maven-repository-metadata/2.0.6/maven-repository-metadata-2.0.6.jar:/home/eduardo/.m2/repository/org/apache/maven/wagon/wagon-provider-api/1.0-beta-2/wagon-provider-api-1.0-beta-2.jar:/home/eduardo/.m2/repository/org/apache/maven/maven-plugin-registry/2.0.6/maven-plugin-registry-2.0.6.jar:/home/eduardo/.m2/repository/org/apache/maven/maven-artifact/2.0.6/maven-artifact-2.0.6.jar:/home/eduardo/.m2/repository/org/codehaus/plexus/plexus-container-default/1.0-alpha-9-stable-1/plexus-container-default-1.0-alpha-9-stable-1.jar:/home/eduardo/.m2/repository/classworlds/classworlds/1.1-alpha-2/classworlds-1.1-alpha-2.jar:/home/eduardo/.m2/repository/br/com/ingenieux/maven/annomojo/org.jfrog.maven.maven-plugin-anno/1.4.1/org.jfrog.maven.maven-plugin-anno-1.4.1.jar:/home/eduardo/.m2/repository/org/codehaus/plexus/plexus-utils/1.5.15/plexus-utils-1.5.15.jar:/home/eduardo/.m2/repository/org/jvnet/jaxb2/maven2/maven-jaxb22-plugin/0.8.3/maven-jaxb22-plugin-0.8.3.jar:/home/eduardo/.m2/repository/javax/xml/bind/jaxb-api/2.2.6/jaxb-api-2.2.6.jar:/home/eduardo/.m2/repository/com/sun/xml/bind/jaxb-impl/2.2.6/jaxb-impl-2.2.6.jar:/home/eduardo/.m2/repository/com/sun/xml/bind/jaxb-xjc/2.2.6/jaxb-xjc-2.2.6.jar:/home/eduardo/.m2/repository/org/apache/commons/commons-lang3/3.1/commons-lang3-3.1.jar:/home/eduardo/.m2/repository/br/unioeste/jgoose/istarml-api/0.0.1/istarml-api-0.0.1.jar:"/>
    <property name="sun.cpu.endian" value="little"/>
    <property name="user.home" value="/home/eduardo"/>
    <property name="user.language" value="pt"/>
    <property name="java.specification.vendor" value="Oracle Corporation"/>
    <property name="java.version.date" value="2024-01-16"/>
    <property name="java.home" value="/usr/lib/jvm/java-11-openjdk-amd64"/>
    <property name="file.separator" value="/"/>
    <property name="basedir" value="/home/eduardo/Área de Trabalho/JGOOSE/e4j"/>
    <property name="java.vm.compressedOopsMode" value="32-bit"/>
    <property name="line.separator" value="&#10;"/>
    <property name="java.specification.name" value="Java Platform API Specification"/>
    <property name="java.vm.specification.vendor" value="Oracle Corporation"/>
    <property name="java.awt.graphicsenv" value="sun.awt.X11GraphicsEnvironment"/>
    <property name="surefire.real.class.path" value="/home/eduardo/Área de Trabalho/JGOOSE/e4j/target/surefire/surefirebooter-20240401144717395_3.jar"/>
    <property name="sun.management.compiler" value="HotSpot 64-Bit Tiered Compilers"/>
    <property name="java.runtime.version" value="11.0.22+7-post-Ubuntu-0ubuntu222.04.1"/>
    <property name="user.name" value="eduardo"/>
    <property name="path.separator" value=":"/>
    <property name="os.version" value="5.15.0-101-generic"/>
    <property name="java.runtime.name" value="OpenJDK Runtime Environment"/>
    <property name="file.encoding" value="UTF-8"/>
    <property name="java.vm.name" value="OpenJDK 64-Bit Server VM"/>
    <property name="maven.ext.class.path" value="/usr/lib/apache-netbeans/java/maven-nblib/netbeans-eventspy.jar"/>
    <property name="localRepository" value="/home/eduardo/.m2/repository"/>
    <property name="java.vendor.url.bug" value="https://bugs.launchpad.net/ubuntu/+source/openjdk-lts"/>
    <property name="java.io.tmpdir" value="/tmp"/>
    <property name="java.version" value="11.0.22"/>
    <property name="user.dir" value="/home/eduardo/Área de Trabalho/JGOOSE/e4j"/>
    <property name="os.arch" value="amd64"/>
    <property name="java.vm.specification.name" value="Java Virtual Machine Specification"/>
    <property name="java.awt.printerjob" value="sun.print.PSPrinterJob"/>
    <property name="sun.os.patch.level" value="unknown"/>
    <property name="java.library.path" value="/usr/java/packages/lib:/usr/lib/x86_64-linux-gnu/jni:/lib/x86_64-linux-gnu:/usr/lib/x86_64-linux-gnu:/usr/lib/jni:/lib:/usr/lib"/>
    <property name="java.vm.info" value="mixed mode, sharing"/>
    <property name="java.vendor" value="Ubuntu"/>
    <property name="java.vm.version" value="11.0.22+7-post-Ubuntu-0ubuntu222.04.1"/>
    <property name="java.specification.maintenance.version" value="2"/>
    <property name="sun.io.unicode.encoding" value="UnicodeLittle"/>
    <property name="java.class.version" value="55.0"/>
  </properties>
</testsuite>