<?xml version="1.0" encoding="UTF-8"?>
<testsuite xmlns:xsi="http://www.w3.org/2001/XMLSchema-instance" xsi:noNamespaceSchemaLocation="https://maven.apache.org/surefire/maven-surefire-plugin/xsd/surefire-test-report-3.0.xsd" version="3.0" name="br.unioeste.Teste" time="0.008" tests="0" errors="0" skipped="0" failures="0">
  <properties>
    <property name="java.specification.version" value="23"/>
    <property name="sun.cpu.isalist" value="amd64"/>
    <property name="sun.jnu.encoding" value="Cp1252"/>
    <property name="java.class.path" value="C:\Users\du_pi\Downloads\JGOOSEAtualizadaPimentel\JGOOSE-7c533de2456e06b763eab5be978d0732913eaf44\e4j\target\test-classes;C:\Users\du_pi\Downloads\JGOOSEAtualizadaPimentel\JGOOSE-7c533de2456e06b763eab5be978d0732913eaf44\e4j\target\classes;C:\Users\du_pi\.m2\repository\junit\junit\3.8.1\junit-3.8.1.jar;C:\Users\du_pi\.m2\repository\br\unioeste\jgoose\Log\0.0.1\Log-0.0.1.jar;C:\Users\du_pi\.m2\repository\log4j\log4j\1.2.16\log4j-1.2.16.jar;C:\Users\du_pi\.m2\repository\org\tinyjee\jgraphx\jgraphx\2.3.0.5\jgraphx-2.3.0.5.jar;C:\Users\du_pi\.m2\repository\com\db4o\db4o-core-java5\8.0.184.15484\db4o-core-java5-8.0.184.15484.jar;C:\Users\du_pi\.m2\repository\org\jvnet\jaxb2\maven2\maven-jaxb2-plugin\0.8.3\maven-jaxb2-plugin-0.8.3.jar;C:\Users\du_pi\.m2\repository\org\jvnet\jaxb2\maven2\maven-jaxb2-plugin-core\0.8.3\maven-jaxb2-plugin-core-0.8.3.jar;C:\Users\du_pi\.m2\repository\com\sun\org\apache\xml\internal\resolver\20050927\resolver-20050927.jar;C:\Users\du_pi\.m2\repository\org\apache\maven\maven-plugin-api\2.0.6\maven-plugin-api-2.0.6.jar;C:\Users\du_pi\.m2\repository\org\sonatype\plexus\plexus-build-api\0.0.7\plexus-build-api-0.0.7.jar;C:\Users\du_pi\.m2\repository\org\apache\maven\maven-project\2.0.6\maven-project-2.0.6.jar;C:\Users\du_pi\.m2\repository\org\apache\maven\maven-settings\2.0.6\maven-settings-2.0.6.jar;C:\Users\du_pi\.m2\repository\org\apache\maven\maven-profile\2.0.6\maven-profile-2.0.6.jar;C:\Users\du_pi\.m2\repository\org\apache\maven\maven-model\2.0.6\maven-model-2.0.6.jar;C:\Users\du_pi\.m2\repository\org\apache\maven\maven-artifact-manager\2.0.6\maven-artifact-manager-2.0.6.jar;C:\Users\du_pi\.m2\repository\org\apache\maven\maven-repository-metadata\2.0.6\maven-repository-metadata-2.0.6.jar;C:\Users\du_pi\.m2\repository\org\apache\maven\wagon\wagon-provider-api\1.0-beta-2\wagon-provider-api-1.0-beta-2.jar;C:\Users\du_pi\.m2\repository\org\apache\maven\maven-plugin-registry\2.0.6\maven-plugin-registry-2.0.6.jar;C:\Users\du_pi\.m2\repository\org\apache\maven\maven-artifact\2.0.6\maven-artifact-2.0.6.jar;C:\Users\du_pi\.m2\repository\org\codehaus\plexus\plexus-container-default\1.0-alpha-9-stable-1\plexus-container-default-1.0-alpha-9-stable-1.jar;C:\Users\du_pi\.m2\repository\classworlds\classworlds\1.1-alpha-2\classworlds-1.1-alpha-2.jar;C:\Users\du_pi\.m2\repository\br\com\ingenieux\maven\annomojo\org.jfrog.maven.maven-plugin-anno\1.4.1\org.jfrog.maven.maven-plugin-anno-1.4.1.jar;C:\Users\du_pi\.m2\repository\org\codehaus\plexus\plexus-utils\1.5.15\plexus-utils-1.5.15.jar;C:\Users\du_pi\.m2\repository\org\jvnet\jaxb2\maven2\maven-jaxb22-plugin\0.8.3\maven-jaxb22-plugin-0.8.3.jar;C:\Users\du_pi\.m2\repository\javax\xml\bind\jaxb-api\2.2.6\jaxb-api-2.2.6.jar;C:\Users\du_pi\.m2\repository\com\sun\xml\bind\jaxb-impl\2.2.6\jaxb-impl-2.2.6.jar;C:\Users\du_pi\.m2\repository\com\sun\xml\bind\jaxb-xjc\2.2.6\jaxb-xjc-2.2.6.jar;C:\Users\du_pi\.m2\repository\org\apache\commons\commons-lang3\3.1\commons-lang3-3.1.jar;C:\Users\du_pi\.m2\repository\br\unioeste\jgoose\istarml-api\0.0.1\istarml-api-0.0.1.jar;"/>
    <property name="java.vm.vendor" value="Oracle Corporation"/>
    <property name="sun.arch.data.model" value="64"/>
    <property name="user.variant" value=""/>
    <property name="java.vendor.url" value="https://java.oracle.com/"/>
    <property name="user.timezone" value="America/Sao_Paulo"/>
    <property name="os.name" value="Windows 10"/>
    <property name="java.vm.specification.version" value="23"/>
    <property name="user.country" value="BR"/>
    <property name="sun.java.launcher" value="SUN_STANDARD"/>
    <property name="sun.boot.library.path" value="C:\Program Files\Java\jdk-23\bin"/>
    <property name="sun.java.command" value="C:\Users\du_pi\AppData\Local\Temp\surefire14232746235102043303\surefirebooter-20250203174417397_3.jar C:\Users\du_pi\AppData\Local\Temp\surefire14232746235102043303 2025-02-03T17-44-17_246-jvmRun1 surefire-20250203174417397_1tmp surefire_0-20250203174417397_2tmp"/>
    <property name="jdk.debug" value="release"/>
    <property name="surefire.test.class.path" value="C:\Users\du_pi\Downloads\JGOOSEAtualizadaPimentel\JGOOSE-7c533de2456e06b763eab5be978d0732913eaf44\e4j\target\test-classes;C:\Users\du_pi\Downloads\JGOOSEAtualizadaPimentel\JGOOSE-7c533de2456e06b763eab5be978d0732913eaf44\e4j\target\classes;C:\Users\du_pi\.m2\repository\junit\junit\3.8.1\junit-3.8.1.jar;C:\Users\du_pi\.m2\repository\br\unioeste\jgoose\Log\0.0.1\Log-0.0.1.jar;C:\Users\du_pi\.m2\repository\log4j\log4j\1.2.16\log4j-1.2.16.jar;C:\Users\du_pi\.m2\repository\org\tinyjee\jgraphx\jgraphx\2.3.0.5\jgraphx-2.3.0.5.jar;C:\Users\du_pi\.m2\repository\com\db4o\db4o-core-java5\8.0.184.15484\db4o-core-java5-8.0.184.15484.jar;C:\Users\du_pi\.m2\repository\org\jvnet\jaxb2\maven2\maven-jaxb2-plugin\0.8.3\maven-jaxb2-plugin-0.8.3.jar;C:\Users\du_pi\.m2\repository\org\jvnet\jaxb2\maven2\maven-jaxb2-plugin-core\0.8.3\maven-jaxb2-plugin-core-0.8.3.jar;C:\Users\du_pi\.m2\repository\com\sun\org\apache\xml\internal\resolver\20050927\resolver-20050927.jar;C:\Users\du_pi\.m2\repository\org\apache\maven\maven-plugin-api\2.0.6\maven-plugin-api-2.0.6.jar;C:\Users\du_pi\.m2\repository\org\sonatype\plexus\plexus-build-api\0.0.7\plexus-build-api-0.0.7.jar;C:\Users\du_pi\.m2\repository\org\apache\maven\maven-project\2.0.6\maven-project-2.0.6.jar;C:\Users\du_pi\.m2\repository\org\apache\maven\maven-settings\2.0.6\maven-settings-2.0.6.jar;C:\Users\du_pi\.m2\repository\org\apache\maven\maven-profile\2.0.6\maven-profile-2.0.6.jar;C:\Users\du_pi\.m2\repository\org\apache\maven\maven-model\2.0.6\maven-model-2.0.6.jar;C:\Users\du_pi\.m2\repository\org\apache\maven\maven-artifact-manager\2.0.6\maven-artifact-manager-2.0.6.jar;C:\Users\du_pi\.m2\repository\org\apache\maven\maven-repository-metadata\2.0.6\maven-repository-metadata-2.0.6.jar;C:\Users\du_pi\.m2\repository\org\apache\maven\wagon\wagon-provider-api\1.0-beta-2\wagon-provider-api-1.0-beta-2.jar;C:\Users\du_pi\.m2\repository\org\apache\maven\maven-plugin-registry\2.0.6\maven-plugin-registry-2.0.6.jar;C:\Users\du_pi\.m2\repository\org\apache\maven\maven-artifact\2.0.6\maven-artifact-2.0.6.jar;C:\Users\du_pi\.m2\repository\org\codehaus\plexus\plexus-container-default\1.0-alpha-9-stable-1\plexus-container-default-1.0-alpha-9-stable-1.jar;C:\Users\du_pi\.m2\repository\classworlds\classworlds\1.1-alpha-2\classworlds-1.1-alpha-2.jar;C:\Users\du_pi\.m2\repository\br\com\ingenieux\maven\annomojo\org.jfrog.maven.maven-plugin-anno\1.4.1\org.jfrog.maven.maven-plugin-anno-1.4.1.jar;C:\Users\du_pi\.m2\repository\org\codehaus\plexus\plexus-utils\1.5.15\plexus-utils-1.5.15.jar;C:\Users\du_pi\.m2\repository\org\jvnet\jaxb2\maven2\maven-jaxb22-plugin\0.8.3\maven-jaxb22-plugin-0.8.3.jar;C:\Users\du_pi\.m2\repository\javax\xml\bind\jaxb-api\2.2.6\jaxb-api-2.2.6.jar;C:\Users\du_pi\.m2\repository\com\sun\xml\bind\jaxb-impl\2.2.6\jaxb-impl-2.2.6.jar;C:\Users\du_pi\.m2\repository\com\sun\xml\bind\jaxb-xjc\2.2.6\jaxb-xjc-2.2.6.jar;C:\Users\du_pi\.m2\repository\org\apache\commons\commons-lang3\3.1\commons-lang3-3.1.jar;C:\Users\du_pi\.m2\repository\br\unioeste\jgoose\istarml-api\0.0.1\istarml-api-0.0.1.jar;"/>
    <property name="sun.cpu.endian" value="little"/>
    <property name="user.home" value="C:\Users\du_pi"/>
    <property name="user.language" value="pt"/>
    <property name="java.specification.vendor" value="Oracle Corporation"/>
    <property name="java.version.date" value="2024-10-15"/>
    <property name="java.home" value="C:\Program Files\Java\jdk-23"/>
    <property name="file.separator" value="\"/>
    <property name="basedir" value="C:\Users\du_pi\Downloads\JGOOSEAtualizadaPimentel\JGOOSE-7c533de2456e06b763eab5be978d0732913eaf44\e4j"/>
    <property name="java.vm.compressedOopsMode" value="Zero based"/>
    <property name="line.separator" value="&#10;"/>
    <property name="java.vm.specification.vendor" value="Oracle Corporation"/>
    <property name="java.specification.name" value="Java Platform API Specification"/>
    <property name="surefire.real.class.path" value="C:\Users\du_pi\AppData\Local\Temp\surefire14232746235102043303\surefirebooter-20250203174417397_3.jar"/>
    <property name="user.script" value=""/>
    <property name="sun.management.compiler" value="HotSpot 64-Bit Tiered Compilers"/>
    <property name="java.runtime.version" value="23.0.1+11-39"/>
    <property name="user.name" value="du_pi"/>
    <property name="stdout.encoding" value="Cp1252"/>
    <property name="path.separator" value=";"/>
    <property name="os.version" value="10.0"/>
    <property name="java.runtime.name" value="Java(TM) SE Runtime Environment"/>
    <property name="file.encoding" value="UTF-8"/>
    <property name="java.vm.name" value="Java HotSpot(TM) 64-Bit Server VM"/>
    <property name="maven.ext.class.path" value="C:\Program Files\NetBeans-23\netbeans\java\maven-nblib\netbeans-eventspy.jar"/>
    <property name="localRepository" value="C:\Users\du_pi\.m2\repository"/>
    <property name="java.vendor.url.bug" value="https://bugreport.java.com/bugreport/"/>
    <property name="java.io.tmpdir" value="C:\Users\du_pi\AppData\Local\Temp\"/>
    <property name="java.version" value="23.0.1"/>
    <property name="user.dir" value="C:\Users\du_pi\Downloads\JGOOSEAtualizadaPimentel\JGOOSE-7c533de2456e06b763eab5be978d0732913eaf44\e4j"/>
    <property name="os.arch" value="amd64"/>
    <property name="java.vm.specification.name" value="Java Virtual Machine Specification"/>
    <property name="sun.os.patch.level" value=""/>
    <property name="native.encoding" value="Cp1252"/>
    <property name="java.library.path" value="C:\Program Files\Java\jdk-23\bin;C:\Windows\Sun\Java\bin;C:\Windows\system32;C:\Windows;C:\Program Files\Common Files\Oracle\Java\javapath;C:\Program Files (x86)\Common Files\Oracle\Java\java8path;C:\Program Files (x86)\Common Files\Oracle\Java\javapath;C:\Windows\system32;C:\Windows;C:\Windows\System32\Wbem;C:\Windows\System32\WindowsPowerShell\v1.0\;C:\Windows\System32\OpenSSH\;C:\Program Files\Git\cmd;C:\Users\du_pi\Downloads\apache-maven-3.9.9-bin (1)\apache-maven-3.9.9\bin;C:\Users\du_pi\AppData\Local\Microsoft\WindowsApps;C:\Users\du_pi\AppData\Local\Programs\Microsoft VS Code\bin;."/>
    <property name="java.vm.info" value="mixed mode, sharing"/>
    <property name="stderr.encoding" value="Cp1252"/>
    <property name="java.vendor" value="Oracle Corporation"/>
    <property name="java.vm.version" value="23.0.1+11-39"/>
    <property name="sun.io.unicode.encoding" value="UnicodeLittle"/>
    <property name="java.class.version" value="67.0"/>
  </properties>
</testsuite>